
SQL*Loader: Release 11.2.0.2.0 - Production on Fri Jan 3 19:52:44 2020

Copyright (c) 1982, 2009, Oracle and/or its affiliates.  All rights reserved.

Control File:   regiones.ctl
Character Set UTF8 specified for all input.

Data File:      ../Data/regiones.csv
  Bad File:     regiones.bad
  Discard File:  none specified
 
 (Allow all discards)

Number to load: ALL
Number to skip: 1
Errors allowed: 50
Bind array:     64 rows, maximum of 256000 bytes
Continuation:    none specified
Path used:      Conventional

Table TEMP3, loaded from every logical record.
Insert option in effect for this table: INSERT
TRAILING NULLCOLS option in effect

   Column Name                  Position   Len  Term Encl Datatype
------------------------------ ---------- ----- ---- ---- ---------------------
NOMBRE_REGION                       FIRST     *   ,       CHARACTER            
REGION_PADRE                         NEXT     *   ,       CHARACTER            


Table TEMP3:
  21 Rows successfully loaded.
  0 Rows not loaded due to data errors.
  0 Rows not loaded because all WHEN clauses were failed.
  0 Rows not loaded because all fields were null.


Space allocated for bind array:                  33024 bytes(64 rows)
Read   buffer bytes: 1048576

Total logical records skipped:          1
Total logical records read:            21
Total logical records rejected:         0
Total logical records discarded:        0

Run began on Fri Jan 03 19:52:44 2020
Run ended on Fri Jan 03 19:52:44 2020

Elapsed time was:     00:00:00.14
CPU time was:         00:00:00.03
